<?xml version="1.0" encoding="UTF-8"?>
<!-- Generated by org.testng.reporters.JUnitReportReporter -->
<testsuite hostname="DESKTOP-FM24PEQ" failures="0" tests="3" name="testrunner.TestNGTestRunner" time="82.573" errors="0" timestamp="2025-04-14T13:39:25 IST" skipped="0">
  <testcase classname="testrunner.TestNGTestRunner" name="runScenario" time="26.968"/>
  <testcase classname="testrunner.TestNGTestRunner" name="runScenario" time="34.377"/>
  <testcase classname="testrunner.TestNGTestRunner" name="runScenario" time="21.228"/>
</testsuite> <!-- testrunner.TestNGTestRunner -->
